<?xml version="1.0" encoding="UTF-8"?>
<!-- Generated by org.testng.reporters.JUnitReportReporter -->
<testsuite skipped="0" hostname="LAPTOP-EHDFK11I" name="com.abc.testcases.LoginPageTestCases" tests="2" failures="0" timestamp="2022-12-25T16:56:33 IST" time="18.058" errors="0">
  <testcase name="TC2" time="5.395" classname="com.abc.testcases.LoginPageTestCases"/>
  <system-out/>
  <testcase name="TC1" time="12.663" classname="com.abc.testcases.LoginPageTestCases"/>
  <system-out/>
</testsuite> <!-- com.abc.testcases.LoginPageTestCases -->
